{"C:\\Users\\Breezy\\Desktop\\Projects\\elibrary\\test\\test_helper.js":{"path":"C:\\Users\\Breezy\\Desktop\\Projects\\elibrary\\test\\test_helper.js","s":{"1":1,"2":1,"3":1,"4":1,"5":1,"6":2,"7":1,"8":1},"b":{"1":[0,2],"2":[2,2]},"f":{"1":2},"fnMap":{"1":{"name":"_interopRequireDefault","line":11,"loc":{"start":{"line":0,"column":0},"end":{"line":0,"column":0},"skip":true},"skip":true}},"statementMap":{"1":{"start":{"line":1,"column":-15},"end":{"line":1,"column":-15}},"2":{"start":{"line":0,"column":0},"end":{"line":0,"column":0},"skip":true},"3":{"start":{"line":2,"column":0},"end":{"line":2,"column":0}},"4":{"start":{"line":0,"column":0},"end":{"line":0,"column":0},"skip":true},"5":{"start":{"line":0,"column":0},"end":{"line":0,"column":0},"skip":true},"6":{"start":{"line":0,"column":0},"end":{"line":0,"column":0},"skip":true},"7":{"start":{"line":4,"column":0},"end":{"line":4,"column":0}},"8":{"start":{"line":5,"column":0},"end":{"line":5,"column":0}}},"branchMap":{"1":{"line":11,"type":"cond-expr","locations":[{"start":{"line":0,"column":0},"end":{"line":0,"column":0},"skip":true},{"start":{"line":0,"column":0},"end":{"line":0,"column":0},"skip":true}]},"2":{"line":11,"type":"binary-expr","locations":[{"start":{"line":0,"column":0},"end":{"line":0,"column":0},"skip":true},{"start":{"line":0,"column":0},"end":{"line":0,"column":0},"skip":true}]}}},"C:\\Users\\Breezy\\Desktop\\Projects\\elibrary\\test\\api.test.js":{"path":"C:\\Users\\Breezy\\Desktop\\Projects\\elibrary\\test\\api.test.js","s":{},"b":{},"f":{},"fnMap":{},"statementMap":{},"branchMap":{}},"C:\\Users\\Breezy\\Desktop\\Projects\\elibrary\\test\\array.test.js":{"path":"C:\\Users\\Breezy\\Desktop\\Projects\\elibrary\\test\\array.test.js","s":{"1":1,"2":1,"3":1,"4":1,"5":1},"b":{},"f":{"1":1,"2":1},"fnMap":{"1":{"name":"(anonymous_1)","line":7,"loc":{"start":{"line":4,"column":36},"end":{"line":4,"column":42}}},"2":{"name":"(anonymous_2)","line":8,"loc":{"start":{"line":5,"column":54},"end":{"line":5,"column":60}}}},"statementMap":{"1":{"start":{"line":1,"column":-15},"end":{"line":1,"column":-15}},"2":{"start":{"line":2,"column":0},"end":{"line":2,"column":0}},"3":{"start":{"line":4,"column":0},"end":{"line":4,"column":0}},"4":{"start":{"line":5,"column":1},"end":{"line":5,"column":1}},"5":{"start":{"line":6,"column":2},"end":{"line":6,"column":2}}},"branchMap":{}},"C:\\Users\\Breezy\\Desktop\\Projects\\elibrary\\test\\dumbArrayCheck.js":{"path":"C:\\Users\\Breezy\\Desktop\\Projects\\elibrary\\test\\dumbArrayCheck.js","s":{"1":1,"2":1,"3":1,"4":1},"b":{},"f":{"1":1},"fnMap":{"1":{"name":"checkEquality","line":7,"loc":{"start":{"line":1,"column":-8},"end":{"line":1,"column":27}}}},"statementMap":{"1":{"start":{"line":0,"column":0},"end":{"line":0,"column":0},"skip":true},"2":{"start":{"line":0,"column":0},"end":{"line":0,"column":0},"skip":true},"3":{"start":{"line":1,"column":-8},"end":{"line":3,"column":1}},"4":{"start":{"line":2,"column":1},"end":{"line":2,"column":1}}},"branchMap":{}}}