TN:
SF:C:\Users\Breezy\Desktop\Projects\elibrary\test\test_helper.js
FN:11,_interopRequireDefault
FNF:1
FNH:1
FNDA:2,_interopRequireDefault
DA:0,2
DA:1,1
DA:2,1
DA:4,1
DA:5,1
LF:5
LH:5
BRDA:11,1,0,0
BRDA:11,1,1,2
BRDA:11,2,0,2
BRDA:11,2,1,2
BRF:4
BRH:4
end_of_record
TN:
SF:C:\Users\Breezy\Desktop\Projects\elibrary\test\api.test.js
FNF:0
FNH:0
LF:0
LH:0
BRF:0
BRH:0
end_of_record
TN:
SF:C:\Users\Breezy\Desktop\Projects\elibrary\test\array.test.js
FN:7,(anonymous_1)
FN:8,(anonymous_2)
FNF:2
FNH:2
FNDA:1,(anonymous_1)
FNDA:1,(anonymous_2)
DA:1,1
DA:2,1
DA:4,1
DA:5,1
DA:6,1
LF:5
LH:5
BRF:0
BRH:0
end_of_record
TN:
SF:C:\Users\Breezy\Desktop\Projects\elibrary\test\dumbArrayCheck.js
FN:7,checkEquality
FNF:1
FNH:1
FNDA:1,checkEquality
DA:0,1
DA:1,1
DA:2,1
LF:3
LH:3
BRF:0
BRH:0
end_of_record
